<?xml version="1.0" encoding="UTF-8"?>
<!-- Generated by org.testng.reporters.JUnitReportReporter -->
<testsuite hostname="DESKTOP-4NK54GQ" failures="0" tests="1" name="Loggers.LogTest" time="0.024" errors="0" timestamp="2023-08-27T19:09:51 IST" skipped="0">
  <testcase classname="Loggers.LogTest" name="test" time="0.024"/>
  <system-out/>
</testsuite> <!-- Loggers.LogTest -->
