<?xml version="1.0" encoding="UTF-8"?>
<!-- Generated by org.testng.reporters.JUnitReportReporter -->
<testsuite hostname="DESKTOP-4NK54GQ" failures="0" tests="1" name="TestNG_Examples.A_FirstExample" time="23.364" errors="0" timestamp="2023-08-25T10:42:28 IST" skipped="0">
  <testcase classname="TestNG_Examples.A_FirstExample" name="f" time="23.364"/>
  <system-out/>
</testsuite> <!-- TestNG_Examples.A_FirstExample -->
