<?xml version="1.0" encoding="UTF-8"?>
<!-- Generated by org.testng.reporters.JUnitReportReporter -->
<testsuite hostname="DESKTOP-4NK54GQ" failures="0" tests="1" name="TestCases.NewTest" time="0.167" errors="0" timestamp="2023-08-26T15:44:22 IST" skipped="0">
  <testcase classname="TestCases.NewTest" name="test" time="0.167"/>
  <system-out/>
</testsuite> <!-- TestCases.NewTest -->
