<?xml version="1.0" encoding="UTF-8"?>
<!-- Generated by org.testng.reporters.JUnitReportReporter -->
<testsuite hostname="DESKTOP-4NK54GQ" failures="0" tests="1" name="Logging.LogTest" time="0.041" errors="0" timestamp="2023-08-26T11:06:14 IST" skipped="0">
  <testcase classname="Logging.LogTest" name="test" time="0.041"/>
  <system-out/>
</testsuite> <!-- Logging.LogTest -->
